INFO - 2024-01-05 01:01:12 --> Session: Class initialized using 'CodeIgniter\Session\Handlers\FileHandler' driver.
INFO - 2024-01-05 01:01:17 --> Session: Class initialized using 'CodeIgniter\Session\Handlers\FileHandler' driver.
INFO - 2024-01-05 01:01:43 --> Session: Class initialized using 'CodeIgniter\Session\Handlers\FileHandler' driver.
INFO - 2024-01-05 01:02:00 --> Session: Class initialized using 'CodeIgniter\Session\Handlers\FileHandler' driver.
ERROR - 2024-01-05 01:05:10 --> Error connecting to the database: mysqli_sql_exception: No connection could be made because the target machine actively refused it in C:\Users\krist\VSCode\web\TUBES\Pemerintahan\pemerintahan\system\Database\MySQLi\Connection.php:184
Stack trace:
#0 C:\Users\krist\VSCode\web\TUBES\Pemerintahan\pemerintahan\system\Database\MySQLi\Connection.php(184): mysqli->real_connect('localhost', 'root', Object(SensitiveParameterValue), 'pengabdian_db', 3306, '', 0)
#1 C:\Users\krist\VSCode\web\TUBES\Pemerintahan\pemerintahan\system\Database\BaseConnection.php(391): CodeIgniter\Database\MySQLi\Connection->connect(false)
#2 C:\Users\krist\VSCode\web\TUBES\Pemerintahan\pemerintahan\system\Database\BaseConnection.php(574): CodeIgniter\Database\BaseConnection->initialize()
#3 C:\Users\krist\VSCode\web\TUBES\Pemerintahan\pemerintahan\system\Database\BaseBuilder.php(2308): CodeIgniter\Database\BaseConnection->query('INSERT INTO `in...', Array, false)
#4 C:\Users\krist\VSCode\web\TUBES\Pemerintahan\pemerintahan\system\Model.php(319): CodeIgniter\Database\BaseBuilder->insert()
#5 C:\Users\krist\VSCode\web\TUBES\Pemerintahan\pemerintahan\system\BaseModel.php(788): CodeIgniter\Model->doInsert(Array)
#6 C:\Users\krist\VSCode\web\TUBES\Pemerintahan\pemerintahan\system\Model.php(715): CodeIgniter\BaseModel->insert(Array, false)
#7 C:\Users\krist\VSCode\web\TUBES\Pemerintahan\pemerintahan\system\BaseModel.php(698): CodeIgniter\Model->insert(Array, false)
#8 C:\Users\krist\VSCode\web\TUBES\Pemerintahan\pemerintahan\app\Controllers\Jurnal.php(48): CodeIgniter\BaseModel->save(Array)
#9 C:\Users\krist\VSCode\web\TUBES\Pemerintahan\pemerintahan\system\CodeIgniter.php(919): App\Controllers\Jurnal->create()
#10 C:\Users\krist\VSCode\web\TUBES\Pemerintahan\pemerintahan\system\CodeIgniter.php(494): CodeIgniter\CodeIgniter->runController(Object(App\Controllers\Jurnal))
#11 C:\Users\krist\VSCode\web\TUBES\Pemerintahan\pemerintahan\system\CodeIgniter.php(353): CodeIgniter\CodeIgniter->handleRequest(NULL, Object(Config\Cache), false)
#12 C:\Users\krist\VSCode\web\TUBES\Pemerintahan\pemerintahan\public\index.php(79): CodeIgniter\CodeIgniter->run()
#13 C:\Users\krist\VSCode\web\TUBES\Pemerintahan\pemerintahan\system\Commands\Server\rewrite.php(47): require_once('C:\\Users\\krist\\...')
#14 {main}

Next CodeIgniter\Database\Exceptions\DatabaseException: No connection could be made because the target machine actively refused it in C:\Users\krist\VSCode\web\TUBES\Pemerintahan\pemerintahan\system\Database\MySQLi\Connection.php:229
Stack trace:
#0 C:\Users\krist\VSCode\web\TUBES\Pemerintahan\pemerintahan\system\Database\BaseConnection.php(391): CodeIgniter\Database\MySQLi\Connection->connect(false)
#1 C:\Users\krist\VSCode\web\TUBES\Pemerintahan\pemerintahan\system\Database\BaseConnection.php(574): CodeIgniter\Database\BaseConnection->initialize()
#2 C:\Users\krist\VSCode\web\TUBES\Pemerintahan\pemerintahan\system\Database\BaseBuilder.php(2308): CodeIgniter\Database\BaseConnection->query('INSERT INTO `in...', Array, false)
#3 C:\Users\krist\VSCode\web\TUBES\Pemerintahan\pemerintahan\system\Model.php(319): CodeIgniter\Database\BaseBuilder->insert()
#4 C:\Users\krist\VSCode\web\TUBES\Pemerintahan\pemerintahan\system\BaseModel.php(788): CodeIgniter\Model->doInsert(Array)
#5 C:\Users\krist\VSCode\web\TUBES\Pemerintahan\pemerintahan\system\Model.php(715): CodeIgniter\BaseModel->insert(Array, false)
#6 C:\Users\krist\VSCode\web\TUBES\Pemerintahan\pemerintahan\system\BaseModel.php(698): CodeIgniter\Model->insert(Array, false)
#7 C:\Users\krist\VSCode\web\TUBES\Pemerintahan\pemerintahan\app\Controllers\Jurnal.php(48): CodeIgniter\BaseModel->save(Array)
#8 C:\Users\krist\VSCode\web\TUBES\Pemerintahan\pemerintahan\system\CodeIgniter.php(919): App\Controllers\Jurnal->create()
#9 C:\Users\krist\VSCode\web\TUBES\Pemerintahan\pemerintahan\system\CodeIgniter.php(494): CodeIgniter\CodeIgniter->runController(Object(App\Controllers\Jurnal))
#10 C:\Users\krist\VSCode\web\TUBES\Pemerintahan\pemerintahan\system\CodeIgniter.php(353): CodeIgniter\CodeIgniter->handleRequest(NULL, Object(Config\Cache), false)
#11 C:\Users\krist\VSCode\web\TUBES\Pemerintahan\pemerintahan\public\index.php(79): CodeIgniter\CodeIgniter->run()
#12 C:\Users\krist\VSCode\web\TUBES\Pemerintahan\pemerintahan\system\Commands\Server\rewrite.php(47): require_once('C:\\Users\\krist\\...')
#13 {main}
CRITICAL - 2024-01-05 01:05:10 --> Unable to connect to the database.
Main connection [MySQLi]: No connection could be made because the target machine actively refused it
in SYSTEMPATH\Database\BaseConnection.php on line 427.
 1 SYSTEMPATH\Database\BaseConnection.php(574): CodeIgniter\Database\BaseConnection->initialize()
 2 SYSTEMPATH\Database\BaseBuilder.php(2308): CodeIgniter\Database\BaseConnection->query('INSERT INTO `informasi_jurnal` (`judul_jurnal`, `penulis`, `tanggal_publikasi`, `file_jurnal`, `created_at`, `updated_at`) VALUES (:judul_jurnal:, :penulis:, :tanggal_publikasi:, :file_jurnal:, :created_at:, :updated_at:)', [...], false)
 3 SYSTEMPATH\Model.php(319): CodeIgniter\Database\BaseBuilder->insert()
 4 SYSTEMPATH\BaseModel.php(788): CodeIgniter\Model->doInsert([...])
 5 SYSTEMPATH\Model.php(715): CodeIgniter\BaseModel->insert([...], false)
 6 SYSTEMPATH\BaseModel.php(698): CodeIgniter\Model->insert([...], false)
 7 APPPATH\Controllers\Jurnal.php(48): CodeIgniter\BaseModel->save([...])
 8 SYSTEMPATH\CodeIgniter.php(919): App\Controllers\Jurnal->create()
 9 SYSTEMPATH\CodeIgniter.php(494): CodeIgniter\CodeIgniter->runController(Object(App\Controllers\Jurnal))
10 SYSTEMPATH\CodeIgniter.php(353): CodeIgniter\CodeIgniter->handleRequest(null, Object(Config\Cache), false)
11 FCPATH\index.php(79): CodeIgniter\CodeIgniter->run()
12 SYSTEMPATH\Commands\Server\rewrite.php(47): require_once('C:\\Users\\krist\\VSCode\\web\\TUBES\\Pemerintahan\\pemerintahan\\public\\index.php')
ERROR - 2024-01-05 01:08:42 --> Error connecting to the database: mysqli_sql_exception: No connection could be made because the target machine actively refused it in C:\Users\krist\VSCode\web\TUBES\Pemerintahan\pemerintahan\system\Database\MySQLi\Connection.php:184
Stack trace:
#0 C:\Users\krist\VSCode\web\TUBES\Pemerintahan\pemerintahan\system\Database\MySQLi\Connection.php(184): mysqli->real_connect('localhost', 'root', Object(SensitiveParameterValue), 'pengabdian_db', 3306, '', 0)
#1 C:\Users\krist\VSCode\web\TUBES\Pemerintahan\pemerintahan\system\Database\BaseConnection.php(391): CodeIgniter\Database\MySQLi\Connection->connect(false)
#2 C:\Users\krist\VSCode\web\TUBES\Pemerintahan\pemerintahan\system\Database\BaseConnection.php(574): CodeIgniter\Database\BaseConnection->initialize()
#3 C:\Users\krist\VSCode\web\TUBES\Pemerintahan\pemerintahan\system\Database\BaseBuilder.php(1615): CodeIgniter\Database\BaseConnection->query('SELECT *\nFROM `...', Array, false)
#4 C:\Users\krist\VSCode\web\TUBES\Pemerintahan\pemerintahan\system\Model.php(237): CodeIgniter\Database\BaseBuilder->get()
#5 C:\Users\krist\VSCode\web\TUBES\Pemerintahan\pemerintahan\system\BaseModel.php(624): CodeIgniter\Model->doFindAll(0, 0)
#6 C:\Users\krist\VSCode\web\TUBES\Pemerintahan\pemerintahan\app\Controllers\Jurnal.php(21): CodeIgniter\BaseModel->findAll()
#7 C:\Users\krist\VSCode\web\TUBES\Pemerintahan\pemerintahan\system\CodeIgniter.php(919): App\Controllers\Jurnal->index()
#8 C:\Users\krist\VSCode\web\TUBES\Pemerintahan\pemerintahan\system\CodeIgniter.php(494): CodeIgniter\CodeIgniter->runController(Object(App\Controllers\Jurnal))
#9 C:\Users\krist\VSCode\web\TUBES\Pemerintahan\pemerintahan\system\CodeIgniter.php(353): CodeIgniter\CodeIgniter->handleRequest(NULL, Object(Config\Cache), false)
#10 C:\Users\krist\VSCode\web\TUBES\Pemerintahan\pemerintahan\public\index.php(79): CodeIgniter\CodeIgniter->run()
#11 C:\Users\krist\VSCode\web\TUBES\Pemerintahan\pemerintahan\system\Commands\Server\rewrite.php(47): require_once('C:\\Users\\krist\\...')
#12 {main}

Next CodeIgniter\Database\Exceptions\DatabaseException: No connection could be made because the target machine actively refused it in C:\Users\krist\VSCode\web\TUBES\Pemerintahan\pemerintahan\system\Database\MySQLi\Connection.php:229
Stack trace:
#0 C:\Users\krist\VSCode\web\TUBES\Pemerintahan\pemerintahan\system\Database\BaseConnection.php(391): CodeIgniter\Database\MySQLi\Connection->connect(false)
#1 C:\Users\krist\VSCode\web\TUBES\Pemerintahan\pemerintahan\system\Database\BaseConnection.php(574): CodeIgniter\Database\BaseConnection->initialize()
#2 C:\Users\krist\VSCode\web\TUBES\Pemerintahan\pemerintahan\system\Database\BaseBuilder.php(1615): CodeIgniter\Database\BaseConnection->query('SELECT *\nFROM `...', Array, false)
#3 C:\Users\krist\VSCode\web\TUBES\Pemerintahan\pemerintahan\system\Model.php(237): CodeIgniter\Database\BaseBuilder->get()
#4 C:\Users\krist\VSCode\web\TUBES\Pemerintahan\pemerintahan\system\BaseModel.php(624): CodeIgniter\Model->doFindAll(0, 0)
#5 C:\Users\krist\VSCode\web\TUBES\Pemerintahan\pemerintahan\app\Controllers\Jurnal.php(21): CodeIgniter\BaseModel->findAll()
#6 C:\Users\krist\VSCode\web\TUBES\Pemerintahan\pemerintahan\system\CodeIgniter.php(919): App\Controllers\Jurnal->index()
#7 C:\Users\krist\VSCode\web\TUBES\Pemerintahan\pemerintahan\system\CodeIgniter.php(494): CodeIgniter\CodeIgniter->runController(Object(App\Controllers\Jurnal))
#8 C:\Users\krist\VSCode\web\TUBES\Pemerintahan\pemerintahan\system\CodeIgniter.php(353): CodeIgniter\CodeIgniter->handleRequest(NULL, Object(Config\Cache), false)
#9 C:\Users\krist\VSCode\web\TUBES\Pemerintahan\pemerintahan\public\index.php(79): CodeIgniter\CodeIgniter->run()
#10 C:\Users\krist\VSCode\web\TUBES\Pemerintahan\pemerintahan\system\Commands\Server\rewrite.php(47): require_once('C:\\Users\\krist\\...')
#11 {main}
CRITICAL - 2024-01-05 01:08:42 --> Unable to connect to the database.
Main connection [MySQLi]: No connection could be made because the target machine actively refused it
in SYSTEMPATH\Database\BaseConnection.php on line 427.
 1 SYSTEMPATH\Database\BaseConnection.php(574): CodeIgniter\Database\BaseConnection->initialize()
 2 SYSTEMPATH\Database\BaseBuilder.php(1615): CodeIgniter\Database\BaseConnection->query('SELECT *
FROM `informasi_jurnal`', [], false)
 3 SYSTEMPATH\Model.php(237): CodeIgniter\Database\BaseBuilder->get()
 4 SYSTEMPATH\BaseModel.php(624): CodeIgniter\Model->doFindAll(0, 0)
 5 APPPATH\Controllers\Jurnal.php(21): CodeIgniter\BaseModel->findAll()
 6 SYSTEMPATH\CodeIgniter.php(919): App\Controllers\Jurnal->index()
 7 SYSTEMPATH\CodeIgniter.php(494): CodeIgniter\CodeIgniter->runController(Object(App\Controllers\Jurnal))
 8 SYSTEMPATH\CodeIgniter.php(353): CodeIgniter\CodeIgniter->handleRequest(null, Object(Config\Cache), false)
 9 FCPATH\index.php(79): CodeIgniter\CodeIgniter->run()
10 SYSTEMPATH\Commands\Server\rewrite.php(47): require_once('C:\\Users\\krist\\VSCode\\web\\TUBES\\Pemerintahan\\pemerintahan\\public\\index.php')
ERROR - 2024-01-05 01:08:54 --> Error connecting to the database: mysqli_sql_exception: No connection could be made because the target machine actively refused it in C:\Users\krist\VSCode\web\TUBES\Pemerintahan\pemerintahan\system\Database\MySQLi\Connection.php:184
Stack trace:
#0 C:\Users\krist\VSCode\web\TUBES\Pemerintahan\pemerintahan\system\Database\MySQLi\Connection.php(184): mysqli->real_connect('localhost', 'root', Object(SensitiveParameterValue), 'pengabdian_db', 3306, '', 0)
#1 C:\Users\krist\VSCode\web\TUBES\Pemerintahan\pemerintahan\system\Database\BaseConnection.php(391): CodeIgniter\Database\MySQLi\Connection->connect(false)
#2 C:\Users\krist\VSCode\web\TUBES\Pemerintahan\pemerintahan\system\Database\BaseConnection.php(574): CodeIgniter\Database\BaseConnection->initialize()
#3 C:\Users\krist\VSCode\web\TUBES\Pemerintahan\pemerintahan\system\Database\BaseBuilder.php(1615): CodeIgniter\Database\BaseConnection->query('SELECT *\nFROM `...', Array, false)
#4 C:\Users\krist\VSCode\web\TUBES\Pemerintahan\pemerintahan\system\Model.php(237): CodeIgniter\Database\BaseBuilder->get()
#5 C:\Users\krist\VSCode\web\TUBES\Pemerintahan\pemerintahan\system\BaseModel.php(624): CodeIgniter\Model->doFindAll(0, 0)
#6 C:\Users\krist\VSCode\web\TUBES\Pemerintahan\pemerintahan\app\Controllers\Home.php(21): CodeIgniter\BaseModel->findAll()
#7 C:\Users\krist\VSCode\web\TUBES\Pemerintahan\pemerintahan\system\CodeIgniter.php(919): App\Controllers\Home->index()
#8 C:\Users\krist\VSCode\web\TUBES\Pemerintahan\pemerintahan\system\CodeIgniter.php(494): CodeIgniter\CodeIgniter->runController(Object(App\Controllers\Home))
#9 C:\Users\krist\VSCode\web\TUBES\Pemerintahan\pemerintahan\system\CodeIgniter.php(353): CodeIgniter\CodeIgniter->handleRequest(NULL, Object(Config\Cache), false)
#10 C:\Users\krist\VSCode\web\TUBES\Pemerintahan\pemerintahan\public\index.php(79): CodeIgniter\CodeIgniter->run()
#11 C:\Users\krist\VSCode\web\TUBES\Pemerintahan\pemerintahan\system\Commands\Server\rewrite.php(47): require_once('C:\\Users\\krist\\...')
#12 {main}

Next CodeIgniter\Database\Exceptions\DatabaseException: No connection could be made because the target machine actively refused it in C:\Users\krist\VSCode\web\TUBES\Pemerintahan\pemerintahan\system\Database\MySQLi\Connection.php:229
Stack trace:
#0 C:\Users\krist\VSCode\web\TUBES\Pemerintahan\pemerintahan\system\Database\BaseConnection.php(391): CodeIgniter\Database\MySQLi\Connection->connect(false)
#1 C:\Users\krist\VSCode\web\TUBES\Pemerintahan\pemerintahan\system\Database\BaseConnection.php(574): CodeIgniter\Database\BaseConnection->initialize()
#2 C:\Users\krist\VSCode\web\TUBES\Pemerintahan\pemerintahan\system\Database\BaseBuilder.php(1615): CodeIgniter\Database\BaseConnection->query('SELECT *\nFROM `...', Array, false)
#3 C:\Users\krist\VSCode\web\TUBES\Pemerintahan\pemerintahan\system\Model.php(237): CodeIgniter\Database\BaseBuilder->get()
#4 C:\Users\krist\VSCode\web\TUBES\Pemerintahan\pemerintahan\system\BaseModel.php(624): CodeIgniter\Model->doFindAll(0, 0)
#5 C:\Users\krist\VSCode\web\TUBES\Pemerintahan\pemerintahan\app\Controllers\Home.php(21): CodeIgniter\BaseModel->findAll()
#6 C:\Users\krist\VSCode\web\TUBES\Pemerintahan\pemerintahan\system\CodeIgniter.php(919): App\Controllers\Home->index()
#7 C:\Users\krist\VSCode\web\TUBES\Pemerintahan\pemerintahan\system\CodeIgniter.php(494): CodeIgniter\CodeIgniter->runController(Object(App\Controllers\Home))
#8 C:\Users\krist\VSCode\web\TUBES\Pemerintahan\pemerintahan\system\CodeIgniter.php(353): CodeIgniter\CodeIgniter->handleRequest(NULL, Object(Config\Cache), false)
#9 C:\Users\krist\VSCode\web\TUBES\Pemerintahan\pemerintahan\public\index.php(79): CodeIgniter\CodeIgniter->run()
#10 C:\Users\krist\VSCode\web\TUBES\Pemerintahan\pemerintahan\system\Commands\Server\rewrite.php(47): require_once('C:\\Users\\krist\\...')
#11 {main}
CRITICAL - 2024-01-05 01:08:54 --> Unable to connect to the database.
Main connection [MySQLi]: No connection could be made because the target machine actively refused it
in SYSTEMPATH\Database\BaseConnection.php on line 427.
 1 SYSTEMPATH\Database\BaseConnection.php(574): CodeIgniter\Database\BaseConnection->initialize()
 2 SYSTEMPATH\Database\BaseBuilder.php(1615): CodeIgniter\Database\BaseConnection->query('SELECT *
FROM `penyuluhan`', [], false)
 3 SYSTEMPATH\Model.php(237): CodeIgniter\Database\BaseBuilder->get()
 4 SYSTEMPATH\BaseModel.php(624): CodeIgniter\Model->doFindAll(0, 0)
 5 APPPATH\Controllers\Home.php(21): CodeIgniter\BaseModel->findAll()
 6 SYSTEMPATH\CodeIgniter.php(919): App\Controllers\Home->index()
 7 SYSTEMPATH\CodeIgniter.php(494): CodeIgniter\CodeIgniter->runController(Object(App\Controllers\Home))
 8 SYSTEMPATH\CodeIgniter.php(353): CodeIgniter\CodeIgniter->handleRequest(null, Object(Config\Cache), false)
 9 FCPATH\index.php(79): CodeIgniter\CodeIgniter->run()
10 SYSTEMPATH\Commands\Server\rewrite.php(47): require_once('C:\\Users\\krist\\VSCode\\web\\TUBES\\Pemerintahan\\pemerintahan\\public\\index.php')
ERROR - 2024-01-05 01:09:10 --> Error connecting to the database: mysqli_sql_exception: No connection could be made because the target machine actively refused it in C:\Users\krist\VSCode\web\TUBES\Pemerintahan\pemerintahan\system\Database\MySQLi\Connection.php:184
Stack trace:
#0 C:\Users\krist\VSCode\web\TUBES\Pemerintahan\pemerintahan\system\Database\MySQLi\Connection.php(184): mysqli->real_connect('localhost', 'root', Object(SensitiveParameterValue), 'pengabdian_db', 3306, '', 0)
#1 C:\Users\krist\VSCode\web\TUBES\Pemerintahan\pemerintahan\system\Database\BaseConnection.php(391): CodeIgniter\Database\MySQLi\Connection->connect(false)
#2 C:\Users\krist\VSCode\web\TUBES\Pemerintahan\pemerintahan\system\Database\BaseConnection.php(574): CodeIgniter\Database\BaseConnection->initialize()
#3 C:\Users\krist\VSCode\web\TUBES\Pemerintahan\pemerintahan\system\Database\BaseBuilder.php(1615): CodeIgniter\Database\BaseConnection->query('SELECT *\nFROM `...', Array, false)
#4 C:\Users\krist\VSCode\web\TUBES\Pemerintahan\pemerintahan\system\Model.php(237): CodeIgniter\Database\BaseBuilder->get()
#5 C:\Users\krist\VSCode\web\TUBES\Pemerintahan\pemerintahan\system\BaseModel.php(624): CodeIgniter\Model->doFindAll(0, 0)
#6 C:\Users\krist\VSCode\web\TUBES\Pemerintahan\pemerintahan\app\Controllers\Home.php(21): CodeIgniter\BaseModel->findAll()
#7 C:\Users\krist\VSCode\web\TUBES\Pemerintahan\pemerintahan\system\CodeIgniter.php(919): App\Controllers\Home->index()
#8 C:\Users\krist\VSCode\web\TUBES\Pemerintahan\pemerintahan\system\CodeIgniter.php(494): CodeIgniter\CodeIgniter->runController(Object(App\Controllers\Home))
#9 C:\Users\krist\VSCode\web\TUBES\Pemerintahan\pemerintahan\system\CodeIgniter.php(353): CodeIgniter\CodeIgniter->handleRequest(NULL, Object(Config\Cache), false)
#10 C:\Users\krist\VSCode\web\TUBES\Pemerintahan\pemerintahan\public\index.php(79): CodeIgniter\CodeIgniter->run()
#11 C:\Users\krist\VSCode\web\TUBES\Pemerintahan\pemerintahan\system\Commands\Server\rewrite.php(47): require_once('C:\\Users\\krist\\...')
#12 {main}

Next CodeIgniter\Database\Exceptions\DatabaseException: No connection could be made because the target machine actively refused it in C:\Users\krist\VSCode\web\TUBES\Pemerintahan\pemerintahan\system\Database\MySQLi\Connection.php:229
Stack trace:
#0 C:\Users\krist\VSCode\web\TUBES\Pemerintahan\pemerintahan\system\Database\BaseConnection.php(391): CodeIgniter\Database\MySQLi\Connection->connect(false)
#1 C:\Users\krist\VSCode\web\TUBES\Pemerintahan\pemerintahan\system\Database\BaseConnection.php(574): CodeIgniter\Database\BaseConnection->initialize()
#2 C:\Users\krist\VSCode\web\TUBES\Pemerintahan\pemerintahan\system\Database\BaseBuilder.php(1615): CodeIgniter\Database\BaseConnection->query('SELECT *\nFROM `...', Array, false)
#3 C:\Users\krist\VSCode\web\TUBES\Pemerintahan\pemerintahan\system\Model.php(237): CodeIgniter\Database\BaseBuilder->get()
#4 C:\Users\krist\VSCode\web\TUBES\Pemerintahan\pemerintahan\system\BaseModel.php(624): CodeIgniter\Model->doFindAll(0, 0)
#5 C:\Users\krist\VSCode\web\TUBES\Pemerintahan\pemerintahan\app\Controllers\Home.php(21): CodeIgniter\BaseModel->findAll()
#6 C:\Users\krist\VSCode\web\TUBES\Pemerintahan\pemerintahan\system\CodeIgniter.php(919): App\Controllers\Home->index()
#7 C:\Users\krist\VSCode\web\TUBES\Pemerintahan\pemerintahan\system\CodeIgniter.php(494): CodeIgniter\CodeIgniter->runController(Object(App\Controllers\Home))
#8 C:\Users\krist\VSCode\web\TUBES\Pemerintahan\pemerintahan\system\CodeIgniter.php(353): CodeIgniter\CodeIgniter->handleRequest(NULL, Object(Config\Cache), false)
#9 C:\Users\krist\VSCode\web\TUBES\Pemerintahan\pemerintahan\public\index.php(79): CodeIgniter\CodeIgniter->run()
#10 C:\Users\krist\VSCode\web\TUBES\Pemerintahan\pemerintahan\system\Commands\Server\rewrite.php(47): require_once('C:\\Users\\krist\\...')
#11 {main}
CRITICAL - 2024-01-05 01:09:10 --> Unable to connect to the database.
Main connection [MySQLi]: No connection could be made because the target machine actively refused it
in SYSTEMPATH\Database\BaseConnection.php on line 427.
 1 SYSTEMPATH\Database\BaseConnection.php(574): CodeIgniter\Database\BaseConnection->initialize()
 2 SYSTEMPATH\Database\BaseBuilder.php(1615): CodeIgniter\Database\BaseConnection->query('SELECT *
FROM `penyuluhan`', [], false)
 3 SYSTEMPATH\Model.php(237): CodeIgniter\Database\BaseBuilder->get()
 4 SYSTEMPATH\BaseModel.php(624): CodeIgniter\Model->doFindAll(0, 0)
 5 APPPATH\Controllers\Home.php(21): CodeIgniter\BaseModel->findAll()
 6 SYSTEMPATH\CodeIgniter.php(919): App\Controllers\Home->index()
 7 SYSTEMPATH\CodeIgniter.php(494): CodeIgniter\CodeIgniter->runController(Object(App\Controllers\Home))
 8 SYSTEMPATH\CodeIgniter.php(353): CodeIgniter\CodeIgniter->handleRequest(null, Object(Config\Cache), false)
 9 FCPATH\index.php(79): CodeIgniter\CodeIgniter->run()
10 SYSTEMPATH\Commands\Server\rewrite.php(47): require_once('C:\\Users\\krist\\VSCode\\web\\TUBES\\Pemerintahan\\pemerintahan\\public\\index.php')
ERROR - 2024-01-05 01:09:25 --> Error connecting to the database: mysqli_sql_exception: No connection could be made because the target machine actively refused it in C:\Users\krist\VSCode\web\TUBES\Pemerintahan\pemerintahan\system\Database\MySQLi\Connection.php:184
Stack trace:
#0 C:\Users\krist\VSCode\web\TUBES\Pemerintahan\pemerintahan\system\Database\MySQLi\Connection.php(184): mysqli->real_connect('localhost', 'root', Object(SensitiveParameterValue), 'pengabdian_db', 3306, '', 0)
#1 C:\Users\krist\VSCode\web\TUBES\Pemerintahan\pemerintahan\system\Database\BaseConnection.php(391): CodeIgniter\Database\MySQLi\Connection->connect(false)
#2 C:\Users\krist\VSCode\web\TUBES\Pemerintahan\pemerintahan\system\Database\BaseConnection.php(574): CodeIgniter\Database\BaseConnection->initialize()
#3 C:\Users\krist\VSCode\web\TUBES\Pemerintahan\pemerintahan\system\Database\BaseBuilder.php(1615): CodeIgniter\Database\BaseConnection->query('SELECT *\nFROM `...', Array, false)
#4 C:\Users\krist\VSCode\web\TUBES\Pemerintahan\pemerintahan\system\Model.php(237): CodeIgniter\Database\BaseBuilder->get()
#5 C:\Users\krist\VSCode\web\TUBES\Pemerintahan\pemerintahan\system\BaseModel.php(624): CodeIgniter\Model->doFindAll(0, 0)
#6 C:\Users\krist\VSCode\web\TUBES\Pemerintahan\pemerintahan\app\Controllers\Home.php(21): CodeIgniter\BaseModel->findAll()
#7 C:\Users\krist\VSCode\web\TUBES\Pemerintahan\pemerintahan\system\CodeIgniter.php(919): App\Controllers\Home->index()
#8 C:\Users\krist\VSCode\web\TUBES\Pemerintahan\pemerintahan\system\CodeIgniter.php(494): CodeIgniter\CodeIgniter->runController(Object(App\Controllers\Home))
#9 C:\Users\krist\VSCode\web\TUBES\Pemerintahan\pemerintahan\system\CodeIgniter.php(353): CodeIgniter\CodeIgniter->handleRequest(NULL, Object(Config\Cache), false)
#10 C:\Users\krist\VSCode\web\TUBES\Pemerintahan\pemerintahan\public\index.php(79): CodeIgniter\CodeIgniter->run()
#11 C:\Users\krist\VSCode\web\TUBES\Pemerintahan\pemerintahan\system\Commands\Server\rewrite.php(47): require_once('C:\\Users\\krist\\...')
#12 {main}

Next CodeIgniter\Database\Exceptions\DatabaseException: No connection could be made because the target machine actively refused it in C:\Users\krist\VSCode\web\TUBES\Pemerintahan\pemerintahan\system\Database\MySQLi\Connection.php:229
Stack trace:
#0 C:\Users\krist\VSCode\web\TUBES\Pemerintahan\pemerintahan\system\Database\BaseConnection.php(391): CodeIgniter\Database\MySQLi\Connection->connect(false)
#1 C:\Users\krist\VSCode\web\TUBES\Pemerintahan\pemerintahan\system\Database\BaseConnection.php(574): CodeIgniter\Database\BaseConnection->initialize()
#2 C:\Users\krist\VSCode\web\TUBES\Pemerintahan\pemerintahan\system\Database\BaseBuilder.php(1615): CodeIgniter\Database\BaseConnection->query('SELECT *\nFROM `...', Array, false)
#3 C:\Users\krist\VSCode\web\TUBES\Pemerintahan\pemerintahan\system\Model.php(237): CodeIgniter\Database\BaseBuilder->get()
#4 C:\Users\krist\VSCode\web\TUBES\Pemerintahan\pemerintahan\system\BaseModel.php(624): CodeIgniter\Model->doFindAll(0, 0)
#5 C:\Users\krist\VSCode\web\TUBES\Pemerintahan\pemerintahan\app\Controllers\Home.php(21): CodeIgniter\BaseModel->findAll()
#6 C:\Users\krist\VSCode\web\TUBES\Pemerintahan\pemerintahan\system\CodeIgniter.php(919): App\Controllers\Home->index()
#7 C:\Users\krist\VSCode\web\TUBES\Pemerintahan\pemerintahan\system\CodeIgniter.php(494): CodeIgniter\CodeIgniter->runController(Object(App\Controllers\Home))
#8 C:\Users\krist\VSCode\web\TUBES\Pemerintahan\pemerintahan\system\CodeIgniter.php(353): CodeIgniter\CodeIgniter->handleRequest(NULL, Object(Config\Cache), false)
#9 C:\Users\krist\VSCode\web\TUBES\Pemerintahan\pemerintahan\public\index.php(79): CodeIgniter\CodeIgniter->run()
#10 C:\Users\krist\VSCode\web\TUBES\Pemerintahan\pemerintahan\system\Commands\Server\rewrite.php(47): require_once('C:\\Users\\krist\\...')
#11 {main}
CRITICAL - 2024-01-05 01:09:25 --> Unable to connect to the database.
Main connection [MySQLi]: No connection could be made because the target machine actively refused it
in SYSTEMPATH\Database\BaseConnection.php on line 427.
 1 SYSTEMPATH\Database\BaseConnection.php(574): CodeIgniter\Database\BaseConnection->initialize()
 2 SYSTEMPATH\Database\BaseBuilder.php(1615): CodeIgniter\Database\BaseConnection->query('SELECT *
FROM `penyuluhan`', [], false)
 3 SYSTEMPATH\Model.php(237): CodeIgniter\Database\BaseBuilder->get()
 4 SYSTEMPATH\BaseModel.php(624): CodeIgniter\Model->doFindAll(0, 0)
 5 APPPATH\Controllers\Home.php(21): CodeIgniter\BaseModel->findAll()
 6 SYSTEMPATH\CodeIgniter.php(919): App\Controllers\Home->index()
 7 SYSTEMPATH\CodeIgniter.php(494): CodeIgniter\CodeIgniter->runController(Object(App\Controllers\Home))
 8 SYSTEMPATH\CodeIgniter.php(353): CodeIgniter\CodeIgniter->handleRequest(null, Object(Config\Cache), false)
 9 FCPATH\index.php(79): CodeIgniter\CodeIgniter->run()
10 SYSTEMPATH\Commands\Server\rewrite.php(47): require_once('C:\\Users\\krist\\VSCode\\web\\TUBES\\Pemerintahan\\pemerintahan\\public\\index.php')
INFO - 2024-01-05 01:09:52 --> Session: Class initialized using 'CodeIgniter\Session\Handlers\FileHandler' driver.
INFO - 2024-01-05 01:10:00 --> Session: Class initialized using 'CodeIgniter\Session\Handlers\FileHandler' driver.
INFO - 2024-01-05 01:10:20 --> Session: Class initialized using 'CodeIgniter\Session\Handlers\FileHandler' driver.
INFO - 2024-01-05 01:10:20 --> Session: Class initialized using 'CodeIgniter\Session\Handlers\FileHandler' driver.
INFO - 2024-01-05 07:49:44 --> Session: Class initialized using 'CodeIgniter\Session\Handlers\FileHandler' driver.
INFO - 2024-01-05 07:49:56 --> Session: Class initialized using 'CodeIgniter\Session\Handlers\FileHandler' driver.
INFO - 2024-01-05 08:33:02 --> Session: Class initialized using 'CodeIgniter\Session\Handlers\FileHandler' driver.
INFO - 2024-01-05 08:47:36 --> Session: Class initialized using 'CodeIgniter\Session\Handlers\FileHandler' driver.
INFO - 2024-01-05 08:53:52 --> Session: Class initialized using 'CodeIgniter\Session\Handlers\FileHandler' driver.
INFO - 2024-01-05 08:53:54 --> Session: Class initialized using 'CodeIgniter\Session\Handlers\FileHandler' driver.
INFO - 2024-01-05 08:54:16 --> Session: Class initialized using 'CodeIgniter\Session\Handlers\FileHandler' driver.
INFO - 2024-01-05 08:54:17 --> Session: Class initialized using 'CodeIgniter\Session\Handlers\FileHandler' driver.
INFO - 2024-01-05 08:57:58 --> Session: Class initialized using 'CodeIgniter\Session\Handlers\FileHandler' driver.
INFO - 2024-01-05 08:58:01 --> Session: Class initialized using 'CodeIgniter\Session\Handlers\FileHandler' driver.
INFO - 2024-01-05 08:58:05 --> Session: Class initialized using 'CodeIgniter\Session\Handlers\FileHandler' driver.
INFO - 2024-01-05 08:58:05 --> Session: Class initialized using 'CodeIgniter\Session\Handlers\FileHandler' driver.
